Run # Add ts-nocheck to TypeScript files in both src and src2

> code-oss-dev@1.99.3 buildreact
> cd ./src/vs/workbench/contrib/void/browser/react/ && node build.js --skipTypeCheck && cd ../../../../../../../ --skipTypeCheck --tsconfig tsconfig.build.json

📦 Building...
OPTIONS {
  src2: 'src2/',
  css: 'styles.css',
  prefix: 'void-',
  scope: 'void-scope',
  ignoreprefix: '@@'
}
⏳ Prefixifying classNames...
./src  -->  src2/
✅ Successfully prefixified classNames
⏳ Prefixifying css file...
src2\styles.css  -->  src2\styles.css (replace)
Browserslist: browsers data (caniuse-lite) is 7 months old. Please run:
  npx update-browserslist-db@latest
  Why you should do it regularly: https://github.com/browserslist/update-db#readme
✅ Successfully prefixified css file
✅✅✅ All done! 🎉
CLI Building entry: src2/diff/index.tsx, src2/quick-edit-tsx/index.tsx, src2/sidebar-tsx/index.tsx, src2/void-editor-widgets-tsx/index.tsx, src2/void-onboarding/index.tsx, src2/void-settings-tsx/index.tsx, src2/void-tooltip/index.tsx
CLI Using tsconfig: tsconfig.json
CLI tsup v8.4.0
CLI Using tsup config: D:\a\void\void\src\vs\workbench\contrib\void\browser\react\tsup.config.js
CLI Target: esnext
ESM Build start
"modelFilterOfFeatureName" is imported from external module "../../../../../../../workbench/contrib/void/common/voidSettingsService.js" but never used in "out/void-editor-widgets-tsx/index.js".
"persistentTerminalNameOfId" is imported from external module "../../../terminalToolService.js" but never used in "out/void-editor-widgets-tsx/index.js".
"convertToVscodeLang" and "detectLanguage" are imported from external module "../../../../common/helpers/languageHelpers.js" but never used in "out/void-editor-widgets-tsx/index.js".
"isFeatureNameDisabled", "displayInfoOfSettingName", "providerNames", "customSettingNamesOfProvider", "refreshableProviderNames", "displayInfoOfProviderName", "nonlocalProviderNames", "localProviderNames", "displayInfoOfFeatureName", "isProviderNameDisabled" and "subTextMdOfProviderName" are imported from external module "../../../../common/voidSettingsTypes.js" but never used in "out/void-editor-widgets-tsx/index.js".
"isAbsolute" is imported from external module "../../../../../../../base/common/path.js" but never used in "out/void-editor-widgets-tsx/index.js".
"separateOutFirstLine" is imported from external module "../../../../common/helpers/util.js" but never used in "out/void-editor-widgets-tsx/index.js".
"InputBox" is imported from external module "../../../../../../../base/browser/ui/inputbox/inputBox.js" but never used in "out/void-editor-widgets-tsx/index.js".
"defaultCheckboxStyles", "defaultInputBoxStyles" and "defaultSelectBoxStyles" are imported from external module "../../../../../../../platform/theme/browser/defaultStyles.js" but never used in "out/void-editor-widgets-tsx/index.js".
"SelectBox" is imported from external module "../../../../../../../base/browser/ui/selectBox/selectBox.js" but never used in "out/void-editor-widgets-tsx/index.js".
"Checkbox" is imported from external module "../../../../../../../base/browser/ui/toggle/toggle.js" but never used in "out/void-editor-widgets-tsx/index.js".
"CodeEditorWidget" is imported from external module "../../../../../../../editor/browser/widget/codeEditor/codeEditorWidget.js" but never used in "out/void-editor-widgets-tsx/index.js".
"errorDetails" is imported from external module "../../../../common/sendLLMMessageTypes.js" but never used in "out/void-editor-widgets-tsx/index.js".
"isFeatureNameDisabled" and "modelSelectionsEqual" are imported from external module "../../../../../../../workbench/contrib/void/common/voidSettingsTypes.js" but never used in "out/void-editor-widgets-tsx/index.js".
"getModelCapabilities" and "getIsReasoningEnabledState" are imported from external module "../../../../common/modelCapabilities.js" but never used in "out/void-editor-widgets-tsx/index.js".
"approvalTypeOfToolName" and "toolApprovalTypes" are imported from external module "../../../../common/toolsServiceTypes.js" but never used in "out/void-editor-widgets-tsx/index.js".
"MAX_FILE_CHARS_PAGE" and "toolNames" are imported from external module "../../../../common/prompt/prompts.js" but never used in "out/void-editor-widgets-tsx/index.js".
"env" is imported from external module "../../../../../../../base/common/process.js" but never used in "out/void-editor-widgets-tsx/index.js".
"os" is imported from external module "../../../../common/helpers/systemInfo.js" but never used in "out/void-editor-widgets-tsx/index.js".
"default" is imported from external module "../../../../../../../base/common/severity.js" but never used in "out/void-editor-widgets-tsx/index.js".
"displayInfoOfSettingName", "providerNames", "customSettingNamesOfProvider", "refreshableProviderNames", "displayInfoOfProviderName", "nonlocalProviderNames", "localProviderNames", "displayInfoOfFeatureName", "isProviderNameDisabled" and "subTextMdOfProviderName" are imported from external module "../../../../common/voidSettingsTypes.js" but never used in "out/sidebar-tsx/index.js".
"InputBox" is imported from external module "../../../../../../../base/browser/ui/inputbox/inputBox.js" but never used in "out/sidebar-tsx/index.js".
"defaultCheckboxStyles", "defaultInputBoxStyles" and "defaultSelectBoxStyles" are imported from external module "../../../../../../../platform/theme/browser/defaultStyles.js" but never used in "out/sidebar-tsx/index.js".
"SelectBox" is imported from external module "../../../../../../../base/browser/ui/selectBox/selectBox.js" but never used in "out/sidebar-tsx/index.js".
"Checkbox" is imported from external module "../../../../../../../base/browser/ui/toggle/toggle.js" but never used in "out/sidebar-tsx/index.js".
"toolApprovalTypes" is imported from external module "../../../../common/toolsServiceTypes.js" but never used in "out/sidebar-tsx/index.js".
"acceptAllBg", "acceptBorder", "rejectAllBg" and "rejectBorder" are imported from external module "../../../../common/helpers/colors.js" but never used in "out/sidebar-tsx/index.js".
"env" is imported from external module "../../../../../../../base/common/process.js" but never used in "out/sidebar-tsx/index.js".
"os" is imported from external module "../../../../common/helpers/systemInfo.js" but never used in "out/sidebar-tsx/index.js".
"default" is imported from external module "../../../../../../../base/common/severity.js" but never used in "out/sidebar-tsx/index.js".
"persistentTerminalNameOfId" is imported from external module "../../../terminalToolService.js" but never used in "out/quick-edit-tsx/index.js".
"convertToVscodeLang" and "detectLanguage" are imported from external module "../../../../common/helpers/languageHelpers.js" but never used in "out/quick-edit-tsx/index.js".
"isFeatureNameDisabled", "displayInfoOfSettingName", "providerNames", "customSettingNamesOfProvider", "refreshableProviderNames", "displayInfoOfProviderName", "nonlocalProviderNames", "localProviderNames", "displayInfoOfFeatureName", "isProviderNameDisabled" and "subTextMdOfProviderName" are imported from external module "../../../../common/voidSettingsTypes.js" but never used in "out/quick-edit-tsx/index.js".
"ScrollType" is imported from external module "../../../../../../../editor/common/editorCommon.js" but never used in "out/quick-edit-tsx/index.js".
"isAbsolute" is imported from external module "../../../../../../../base/common/path.js" but never used in "out/quick-edit-tsx/index.js".
"separateOutFirstLine" is imported from external module "../../../../common/helpers/util.js" but never used in "out/quick-edit-tsx/index.js".
"InputBox" is imported from external module "../../../../../../../base/browser/ui/inputbox/inputBox.js" but never used in "out/quick-edit-tsx/index.js".
"defaultCheckboxStyles", "defaultInputBoxStyles" and "defaultSelectBoxStyles" are imported from external module "../../../../../../../platform/theme/browser/defaultStyles.js" but never used in "out/quick-edit-tsx/index.js".
"SelectBox" is imported from external module "../../../../../../../base/browser/ui/selectBox/selectBox.js" but never used in "out/quick-edit-tsx/index.js".
"Checkbox" is imported from external module "../../../../../../../base/browser/ui/toggle/toggle.js" but never used in "out/quick-edit-tsx/index.js".
"CodeEditorWidget" is imported from external module "../../../../../../../editor/browser/widget/codeEditor/codeEditorWidget.js" but never used in "out/quick-edit-tsx/index.js".
"errorDetails" is imported from external module "../../../../common/sendLLMMessageTypes.js" but never used in "out/quick-edit-tsx/index.js".
"VOID_CTRL_L_ACTION_ID" is imported from external module "../../../actionIDs.js" but never used in "out/quick-edit-tsx/index.js".
"approvalTypeOfToolName" and "toolApprovalTypes" are imported from external module "../../../../common/toolsServiceTypes.js" but never used in "out/quick-edit-tsx/index.js".
"acceptAllBg", "acceptBorder", "rejectAllBg" and "rejectBorder" are imported from external module "../../../../common/helpers/colors.js" but never used in "out/quick-edit-tsx/index.js".
"MAX_FILE_CHARS_PAGE" and "toolNames" are imported from external module "../../../../common/prompt/prompts.js" but never used in "out/quick-edit-tsx/index.js".
"env" is imported from external module "../../../../../../../base/common/process.js" but never used in "out/quick-edit-tsx/index.js".
"os" is imported from external module "../../../../common/helpers/systemInfo.js" but never used in "out/quick-edit-tsx/index.js".
"default" is imported from external module "../../../../../../../base/common/severity.js" but never used in "out/quick-edit-tsx/index.js".
"modelFilterOfFeatureName" is imported from external module "../../../../../../../workbench/contrib/void/common/voidSettingsService.js" but never used in "out/void-onboarding/index.js".
"persistentTerminalNameOfId" is imported from external module "../../../terminalToolService.js" but never used in "out/void-onboarding/index.js".
"nonlocalProviderNames", "localProviderNames" and "displayInfoOfFeatureName" are imported from external module "../../../../common/voidSettingsTypes.js" but never used in "out/void-onboarding/index.js".
"getIsReasoningEnabledState" is imported from external module "../../../../common/modelCapabilities.js" but never used in "out/void-onboarding/index.js".
"errorDetails" is imported from external module "../../../../common/sendLLMMessageTypes.js" but never used in "out/void-onboarding/index.js".
"InputBox" is imported from external module "../../../../../../../base/browser/ui/inputbox/inputBox.js" but never used in "out/void-onboarding/index.js".
"defaultCheckboxStyles", "defaultInputBoxStyles" and "defaultSelectBoxStyles" are imported from external module "../../../../../../../platform/theme/browser/defaultStyles.js" but never used in "out/void-onboarding/index.js".
"SelectBox" is imported from external module "../../../../../../../base/browser/ui/selectBox/selectBox.js" but never used in "out/void-onboarding/index.js".
"Checkbox" is imported from external module "../../../../../../../base/browser/ui/toggle/toggle.js" but never used in "out/void-onboarding/index.js".
"isFeatureNameDisabled" and "modelSelectionsEqual" are imported from external module "../../../../../../../workbench/contrib/void/common/voidSettingsTypes.js" but never used in "out/void-onboarding/index.js".
"VOID_OPEN_SETTINGS_ACTION_ID" is imported from external module "../../../voidSettingsPane.js" but never used in "out/void-onboarding/index.js".
"VOID_CTRL_L_ACTION_ID" is imported from external module "../../../actionIDs.js" but never used in "out/void-onboarding/index.js".
"approvalTypeOfToolName" and "toolApprovalTypes" are imported from external module "../../../../common/toolsServiceTypes.js" but never used in "out/void-onboarding/index.js".
"acceptAllBg", "acceptBorder", "rejectAllBg" and "rejectBorder" are imported from external module "../../../../common/helpers/colors.js" but never used in "out/void-onboarding/index.js".
"MAX_FILE_CHARS_PAGE" and "toolNames" are imported from external module "../../../../common/prompt/prompts.js" but never used in "out/void-onboarding/index.js".
"default" is imported from external module "../../../../../../../base/common/severity.js" but never used in "out/void-onboarding/index.js".
"persistentTerminalNameOfId" is imported from external module "../../../terminalToolService.js" but never used in "out/void-settings-tsx/index.js".
"InputBox" is imported from external module "../../../../../../../base/browser/ui/inputbox/inputBox.js" but never used in "out/void-settings-tsx/index.js".
"defaultCheckboxStyles", "defaultInputBoxStyles" and "defaultSelectBoxStyles" are imported from external module "../../../../../../../platform/theme/browser/defaultStyles.js" but never used in "out/void-settings-tsx/index.js".
"SelectBox" is imported from external module "../../../../../../../base/browser/ui/selectBox/selectBox.js" but never used in "out/void-settings-tsx/index.js".
"Checkbox" is imported from external module "../../../../../../../base/browser/ui/toggle/toggle.js" but never used in "out/void-settings-tsx/index.js".
"errorDetails" is imported from external module "../../../../common/sendLLMMessageTypes.js" but never used in "out/void-settings-tsx/index.js".
"VOID_CTRL_L_ACTION_ID" is imported from external module "../../../actionIDs.js" but never used in "out/void-settings-tsx/index.js".
"getModelCapabilities" and "getIsReasoningEnabledState" are imported from external module "../../../../common/modelCapabilities.js" but never used in "out/void-settings-tsx/index.js".
"approvalTypeOfToolName" is imported from external module "../../../../common/toolsServiceTypes.js" but never used in "out/void-settings-tsx/index.js".
"acceptAllBg", "acceptBorder", "rejectAllBg" and "rejectBorder" are imported from external module "../../../../common/helpers/colors.js" but never used in "out/void-settings-tsx/index.js".
"MAX_FILE_CHARS_PAGE" and "toolNames" are imported from external module "../../../../common/prompt/prompts.js" but never used in "out/void-settings-tsx/index.js".
ESM out\diff\index.js                    18.36 KB
ESM out\void-settings-tsx\index.js       1.19 MB
ESM out\void-tooltip\index.js            1.11 MB
ESM out\void-editor-widgets-tsx\index.js 1.20 MB
ESM out\quick-edit-tsx\index.js          1.13 MB
ESM out\sidebar-tsx\index.js             1.35 MB
ESM out\void-onboarding\index.js         1.19 MB
ESM ⚡️ Build success in 6314ms
✅ Build complete!
The system cannot find the path specified.
Error: Process completed with exit code 1.
